GNU gdb (GDB) 8.0
Copyright (C) 2017 Free Software Foundation, Inc.
License GPLv3+: GNU GPL version 3 or later <http://gnu.org/licenses/gpl.html>
This is free software: you are free to change and redistribute it.
There is NO WARRANTY, to the extent permitted by law.  Type "show copying"
and "show warranty" for details.
This GDB was configured as "x86_64-apple-darwin16.6.0".
Type "show configuration" for configuration details.
For bug reporting instructions, please see:
<http://www.gnu.org/software/gdb/bugs/>.
Find the GDB manual and other documentation resources online at:
<http://www.gnu.org/software/gdb/documentation/>.
For help, type "help".
Type "apropos word" to search for commands related to "word"...
Reading symbols from ./gmres...Reading symbols from /Users/tchang/TAOCHANG/Code_XMP/Libs/datatype/gmres.dSYM/Contents/Resources/DWARF/gmres...done.
done.
(gdb) run
Starting program: /Users/tchang/TAOCHANG/Code_XMP/Libs/datatype/gmres 
[New Thread 0x1403 of process 33340]
1.000000 0.000000 2.700000 0.000000 0.000000 0.000000 
2.000000 0.000000 1.000000 0.000000 -2.500000 0.000000 
9.000000 0.000000 0.000000 -3.000000 0.000000 0.000000 
0.000000 0.000000 0.000000 10.800000 0.000000 -1.110000 
0.000000 -4.800000 0.000000 0.000000 -3.330000 0.000000 
0.000000 -2.100000 0.000000 0.000000 0.000000 0.000000 


Tour 1
residual is 13.958269
residual is 10.523492
residual is 2.490895
residual is 1.969198
residual is 1.308455
Tour 2
residual is 1.308547
residual is 1.308590
residual is 1.308333
residual is 1.308364
residual is 1.306229
Tour 3
residual is 1.306683
residual is 1.307019
residual is 1.305103
residual is 1.304958
residual is 1.304570
Tour 4
residual is 1.306199
residual is 1.307339
residual is 1.302511
residual is 1.301845
residual is 1.280892
Tour 5
residual is 1.276514
residual is 1.276946
residual is 1.283634
residual is 1.286949
residual is 1.271759
Tour 6
residual is 1.271861
residual is 1.271963
residual is 1.271370
residual is 1.271281
residual is 1.271044
Tour 7
residual is 1.271378
residual is 1.271616
residual is 1.270266
residual is 1.270016
residual is 1.265052
Tour 8
residual is 1.275681
residual is 1.280736
residual is 1.260024
residual is 1.259128
residual is 1.246331
Tour 9
residual is 1.246048
residual is 1.246189
residual is 1.246351
residual is 1.246761
residual is 1.244539
Tour 10
residual is 1.244688
residual is 1.244806
residual is 1.244088
residual is 1.243953
residual is 1.243710
Tour 11
residual is 1.244337
residual is 1.244779
residual is 1.242524
residual is 1.242150
residual is 0.584482
Tour 12
residual is 0.381566
residual is 0.377896
residual is 0.500363
residual is 0.628766
residual is 0.277568
Tour 13
residual is 0.272095
residual is 0.275494
residual is 0.265579
residual is 0.271749
residual is 0.242784
Tour 14
residual is 0.242709
residual is 0.242727
residual is 0.242756
residual is 0.242796
residual is 0.242367
Tour 15
residual is 0.242416
residual is 0.242454
residual is 0.242234
residual is 0.242212
residual is 0.242195
Tour 16
residual is 0.242320
residual is 0.242408
residual is 0.241964
residual is 0.241886
residual is 0.061975
Tour 17
residual is 0.035913
residual is 0.044663
residual is 0.062352
residual is 0.065394
residual is 0.019779
Tour 18
residual is 0.019779
residual is 0.019779
residual is 0.019778
residual is 0.019779
residual is 0.019762
Tour 19
residual is 0.019766
residual is 0.019769
residual is 0.019751
residual is 0.019748
residual is 0.019738
Tour 20
residual is 0.019764
residual is 0.019781
residual is 0.019706
residual is 0.019696
residual is 0.019373
Tour 21
residual is 0.019304
residual is 0.019311
residual is 0.019416
residual is 0.019468
residual is 0.019230
Tour 22
residual is 0.019232
residual is 0.019234
residual is 0.019225
residual is 0.019223
residual is 0.019220
Tour 23
residual is 0.019225
residual is 0.019228
residual is 0.019208
residual is 0.019204
residual is 0.019132
Tour 24
residual is 0.019286
residual is 0.019361
residual is 0.019057
residual is 0.019043
residual is 0.018852
Tour 25
residual is 0.018847
residual is 0.018849
residual is 0.018852
residual is 0.018859
residual is 0.018824
Tour 26
residual is 0.018826
residual is 0.018828
residual is 0.018817
residual is 0.018815
residual is 0.018812
Tour 27
residual is 0.018821
residual is 0.018828
residual is 0.018794
residual is 0.018788
residual is 0.010279
Tour 28
residual is 0.007343
residual is 0.007224
residual is 0.009586
residual is 0.009628
residual is 0.005229
Tour 29
residual is 0.005240
residual is 0.005245
residual is 0.005222
residual is 0.005227
residual is 0.005217
Tour 30
residual is 0.005218
residual is 0.005219
residual is 0.005214
residual is 0.005213
residual is 0.005143
Tour 31
residual is 0.005321
residual is 0.005309
residual is 0.005098
residual is 0.005099
residual is 0.005001
Tour 32
residual is 0.005001
residual is 0.005002
residual is 0.005000
residual is 0.005001
residual is 0.004996
Tour 33
residual is 0.004997
residual is 0.004997
residual is 0.004994
residual is 0.004994
residual is 0.004992
Tour 34
residual is 0.004996
residual is 0.004999
residual is 0.004986
residual is 0.004984
residual is 0.004681
Tour 35
residual is 0.004559
residual is 0.004565
residual is 0.004709
residual is 0.004764
residual is 0.004485
Tour 36
residual is 0.004485
residual is 0.004486
residual is 0.004484
residual is 0.004484
residual is 0.004483
Tour 37
residual is 0.004483
residual is 0.004484
residual is 0.004480
residual is 0.004479
residual is 0.004474
Tour 38
residual is 0.004486
residual is 0.004493
residual is 0.004463
residual is 0.004460
residual is 0.004416
Tour 39
residual is 0.004412
residual is 0.004413
residual is 0.004419
residual is 0.004423
residual is 0.004404
Tour 40
residual is 0.004404
residual is 0.004404
residual is 0.004402
residual is 0.004402
residual is 0.004401
Tour 41
residual is 0.004403
residual is 0.004404
residual is 0.004398
residual is 0.004397
residual is 0.004328
Tour 42
residual is 0.004509
residual is 0.004480
residual is 0.004287
residual is 0.004288
residual is 0.004196
Tour 43
residual is 0.004195
residual is 0.004196
residual is 0.004195
residual is 0.004195
residual is 0.004192
Tour 44
residual is 0.004192
residual is 0.004193
residual is 0.004190
residual is 0.004189
residual is 0.004188
Tour 45
residual is 0.004191
residual is 0.004194
residual is 0.004183
residual is 0.004181
residual is 0.003972
Tour 46
residual is 0.003892
residual is 0.003897
residual is 0.003994
residual is 0.004033
residual is 0.003842
Tour 47
residual is 0.003842
residual is 0.003842
residual is 0.003841
residual is 0.003840
residual is 0.003839
Tour 48
residual is 0.003840
residual is 0.003841
residual is 0.003837
residual is 0.003837
residual is 0.003831
Tour 49
residual is 0.003842
residual is 0.003850
residual is 0.003822
residual is 0.003819
residual is 0.003782
Tour 50
residual is 0.003779
residual is 0.003780
residual is 0.003785
residual is 0.003788
residual is 0.003772
Tour 51
residual is 0.003773
residual is 0.003773
residual is 0.003771
residual is 0.003771
residual is 0.003770
Tour 52
residual is 0.003772
residual is 0.003773
residual is 0.003767
residual is 0.003766
residual is 0.003694
Tour 53
residual is 0.003887
residual is 0.003834
residual is 0.003654
residual is 0.003657
residual is 0.003564
Tour 54
residual is 0.003564
residual is 0.003564
residual is 0.003563
residual is 0.003563
residual is 0.003561
Tour 55
residual is 0.003561
residual is 0.003562
residual is 0.003559
residual is 0.003559
residual is 0.003558
Tour 56
residual is 0.003561
residual is 0.003563
residual is 0.003553
residual is 0.003552
residual is 0.003407
Tour 57
residual is 0.003355
residual is 0.003359
residual is 0.003424
residual is 0.003451
residual is 0.003321
Tour 58
residual is 0.003321
residual is 0.003321
residual is 0.003320
residual is 0.003319
residual is 0.003319
Tour 59
residual is 0.003319
residual is 0.003320
residual is 0.003317
residual is 0.003316
residual is 0.003311
Tour 60
residual is 0.003322
residual is 0.003329
residual is 0.003302
residual is 0.003300
residual is 0.003269
Tour 61
residual is 0.003267
residual is 0.003267
residual is 0.003271
residual is 0.003273
residual is 0.003261
Tour 62
residual is 0.003262
residual is 0.003262
residual is 0.003260
residual is 0.003260
residual is 0.003259
Tour 63
residual is 0.003260
residual is 0.003261
residual is 0.003257
residual is 0.003256
residual is 0.003175
Tour 64
residual is 0.003389
residual is 0.003302
residual is 0.003133
residual is 0.003138
residual is 0.003039
Tour 65
residual is 0.003039
residual is 0.003040
residual is 0.003039
residual is 0.003039
residual is 0.003037
Tour 66
residual is 0.003037
residual is 0.003038
residual is 0.003036
residual is 0.003035
residual is 0.003034
Tour 67
residual is 0.003037
residual is 0.003039
residual is 0.003030
residual is 0.003029
residual is 0.002929
Tour 68
residual is 0.002896
residual is 0.002899
residual is 0.002942
residual is 0.002961
residual is 0.002873
Tour 69
residual is 0.002873
residual is 0.002873
residual is 0.002872
residual is 0.002872
residual is 0.002871
Tour 70
residual is 0.002872
residual is 0.002872
residual is 0.002869
residual is 0.002869
residual is 0.002864
Tour 71
residual is 0.002874
residual is 0.002881
residual is 0.002856
residual is 0.002854
residual is 0.002827
Tour 72
residual is 0.002826
residual is 0.002826
residual is 0.002828
residual is 0.002830
residual is 0.002821
Tour 73
residual is 0.002821
residual is 0.002822
residual is 0.002820
residual is 0.002820
residual is 0.002819
Tour 74
residual is 0.002821
residual is 0.002821
residual is 0.002817
residual is 0.002816
residual is 0.002717
Tour 75
residual is 0.002960
residual is 0.002823
residual is 0.002673
residual is 0.002680
residual is 0.002566
Tour 76
residual is 0.002566
residual is 0.002567
residual is 0.002566
residual is 0.002566
residual is 0.002564
Tour 77
residual is 0.002565
residual is 0.002565
residual is 0.002563
residual is 0.002563
residual is 0.002562
Tour 78
residual is 0.002564
residual is 0.002566
residual is 0.002558
residual is 0.002557
residual is 0.002490
Tour 79
residual is 0.002470
residual is 0.002472
residual is 0.002499
residual is 0.002511
residual is 0.002454
Tour 80
residual is 0.002454
residual is 0.002454
residual is 0.002453
residual is 0.002453
residual is 0.002453
Tour 81
residual is 0.002453
residual is 0.002454
residual is 0.002451
residual is 0.002451
residual is 0.002445
Tour 82
residual is 0.002457
residual is 0.002463
residual is 0.002438
residual is 0.002436
residual is 0.002414
Tour 83
residual is 0.002413
residual is 0.002413
residual is 0.002414
residual is 0.002416
residual is 0.002409
Tour 84
residual is 0.002410
residual is 0.002410
residual is 0.002408
residual is 0.002408
residual is 0.002408
Tour 85
residual is 0.002409
residual is 0.002409
residual is 0.002406
residual is 0.002405
residual is 0.002266
Tour 86
residual is 0.002521
residual is 0.002330
residual is 0.002215
residual is 0.002229
residual is 0.002080
Tour 87
residual is 0.002080
residual is 0.002081
residual is 0.002079
residual is 0.002080
residual is 0.002078
Tour 88
residual is 0.002079
residual is 0.002079
residual is 0.002078
residual is 0.002077
residual is 0.002076
Tour 89
residual is 0.002079
residual is 0.002080
residual is 0.002073
residual is 0.002072
residual is 0.002030
Tour 90
residual is 0.002018
residual is 0.002019
residual is 0.002035
residual is 0.002043
residual is 0.002009
Tour 91
residual is 0.002009
residual is 0.002009
residual is 0.002008
residual is 0.002008
residual is 0.002007
Tour 92
residual is 0.002008
residual is 0.002008
residual is 0.002006
residual is 0.002006
residual is 0.002000
Tour 93
residual is 0.002012
residual is 0.002018
residual is 0.001994
residual is 0.001992
residual is 0.001973
Tour 94
residual is 0.001973
residual is 0.001973
residual is 0.001974
residual is 0.001974
residual is 0.001970
Tour 95
residual is 0.001970
residual is 0.001970
residual is 0.001969
residual is 0.001969
residual is 0.001969
Tour 96
residual is 0.001970
residual is 0.001970
residual is 0.001967
residual is 0.001966
residual is 0.001714
Tour 97
residual is 0.001832
residual is 0.001673
residual is 0.001652
residual is 0.001678
residual is 0.001438
Tour 98
residual is 0.001438
residual is 0.001439
residual is 0.001438
residual is 0.001438
residual is 0.001437
Tour 99
residual is 0.001437
residual is 0.001438
residual is 0.001437
residual is 0.001436
residual is 0.001435
Tour 100
residual is 0.001437
residual is 0.001439
residual is 0.001433
residual is 0.001432
residual is 0.001410
Tour 101
residual is 0.001406
residual is 0.001406
residual is 0.001413
residual is 0.001417
residual is 0.001401
Tour 102
residual is 0.001401
residual is 0.001401
residual is 0.001401
residual is 0.001400
residual is 0.001400
Tour 103
residual is 0.001401
residual is 0.001401
residual is 0.001399
residual is 0.001399
residual is 0.001393
Tour 104
residual is 0.001406
residual is 0.001412
residual is 0.001387
residual is 0.001386
residual is 0.001372
Tour 105
residual is 0.001372
residual is 0.001372
residual is 0.001372
residual is 0.001372
residual is 0.001370
Tour 106
residual is 0.001370
residual is 0.001370
residual is 0.001370
residual is 0.001369
residual is 0.001369
Tour 107
residual is 0.001370
residual is 0.001370
residual is 0.001368
residual is 0.001367
residual is 0.000368
Tour 108
residual is 0.000197
residual is 0.000220
residual is 0.000353
residual is 0.000385
residual is 0.000048
Tour 109
residual is 0.000052
residual is 0.000056
residual is 0.000030
residual is 0.000033
residual is 0.000027
Tour 110
residual is 0.000027
residual is 0.000027
residual is 0.000027
residual is 0.000027
residual is 0.000027
Tour 111
residual is 0.000027
residual is 0.000027
residual is 0.000027
residual is 0.000027
residual is 0.000027
Tour 112
residual is 0.000027
residual is 0.000027
residual is 0.000027
residual is 0.000027
residual is 0.000027
Tour 113
residual is 0.000027
residual is 0.000027
residual is 0.000027
residual is 0.000027
residual is 0.000026
Tour 114
residual is 0.000028
residual is 0.000027
residual is 0.000026
residual is 0.000026
residual is 0.000025
Tour 115
residual is 0.000025
residual is 0.000025
residual is 0.000025
residual is 0.000025
residual is 0.000025
Tour 116
residual is 0.000025
residual is 0.000025
residual is 0.000025
residual is 0.000025
residual is 0.000025
Tour 117
residual is 0.000025
residual is 0.000025
residual is 0.000025
residual is 0.000025
residual is 0.000024
Tour 118
residual is 0.000024
residual is 0.000024
residual is 0.000024
residual is 0.000024
residual is 0.000024
Tour 119
residual is 0.000024
residual is 0.000024
residual is 0.000024
residual is 0.000024
residual is 0.000024
Tour 120
residual is 0.000024
residual is 0.000024
residual is 0.000024
residual is 0.000024
residual is 0.000024
Tour 121
residual is 0.000024
residual is 0.000024
residual is 0.000023
residual is 0.000023
residual is 0.000023
Tour 122
residual is 0.000023
residual is 0.000023
residual is 0.000023
residual is 0.000023
residual is 0.000023
Tour 123
residual is 0.000023
residual is 0.000023
residual is 0.000023
residual is 0.000023
residual is 0.000023
Tour 124
residual is 0.000023
residual is 0.000023
residual is 0.000023
residual is 0.000023
residual is 0.000022
Tour 125
residual is 0.000024
residual is 0.000023
residual is 0.000022
residual is 0.000022
residual is 0.000021
Tour 126
residual is 0.000021
residual is 0.000021
residual is 0.000021
residual is 0.000021
residual is 0.000021
Tour 127
residual is 0.000021
residual is 0.000021
residual is 0.000021
residual is 0.000021
residual is 0.000021
Tour 128
residual is 0.000021
residual is 0.000021
residual is 0.000021
residual is 0.000021
residual is 0.000020
Tour 129
residual is 0.000020
residual is 0.000020
residual is 0.000020
residual is 0.000020
residual is 0.000020
Tour 130
residual is 0.000020
residual is 0.000020
residual is 0.000020
residual is 0.000020
residual is 0.000020
Tour 131
residual is 0.000020
residual is 0.000020
residual is 0.000020
residual is 0.000020
residual is 0.000020
Tour 132
residual is 0.000020
residual is 0.000020
residual is 0.000020
residual is 0.000020
residual is 0.000020
Tour 133
residual is 0.000020
residual is 0.000020
residual is 0.000020
residual is 0.000020
residual is 0.000020
Tour 134
residual is 0.000020
residual is 0.000020
residual is 0.000020
residual is 0.000020
residual is 0.000020
Tour 135
residual is 0.000020
residual is 0.000020
residual is 0.000020
residual is 0.000020
residual is 0.000018
Tour 136
residual is 0.000020
residual is 0.000019
residual is 0.000018
residual is 0.000018
residual is 0.000017
Tour 137
residual is 0.000017
residual is 0.000017
residual is 0.000017
residual is 0.000017
residual is 0.000017
Tour 138
residual is 0.000017
residual is 0.000017
residual is 0.000017
residual is 0.000017
residual is 0.000017
Tour 139
residual is 0.000017
residual is 0.000017
residual is 0.000017
residual is 0.000017
residual is 0.000016
Tour 140
residual is 0.000016
residual is 0.000016
residual is 0.000016
residual is 0.000016
residual is 0.000016
Tour 141
residual is 0.000016
residual is 0.000016
residual is 0.000016
residual is 0.000016
residual is 0.000016
Tour 142
residual is 0.000016
residual is 0.000016
residual is 0.000016
residual is 0.000016
residual is 0.000016
Tour 143
residual is 0.000016
residual is 0.000016
residual is 0.000016
residual is 0.000016
residual is 0.000016
Tour 144
residual is 0.000016
residual is 0.000016
residual is 0.000016
residual is 0.000016
residual is 0.000016
Tour 145
residual is 0.000016
residual is 0.000016
residual is 0.000016
residual is 0.000016
residual is 0.000016
Tour 146
residual is 0.000016
residual is 0.000016
residual is 0.000016
residual is 0.000016
residual is 0.000013
Tour 147
residual is 0.000014
residual is 0.000013
residual is 0.000013
residual is 0.000013
residual is 0.000011
Tour 148
residual is 0.000011
residual is 0.000011
residual is 0.000011
residual is 0.000011
residual is 0.000011
Tour 149
residual is 0.000011
residual is 0.000011
residual is 0.000011
residual is 0.000011
residual is 0.000011
Tour 150
residual is 0.000011
residual is 0.000011
residual is 0.000011
residual is 0.000011
residual is 0.000010
Tour 151
residual is 0.000010
residual is 0.000010
residual is 0.000011
residual is 0.000011
residual is 0.000010
Tour 152
residual is 0.000010
residual is 0.000010
residual is 0.000010
residual is 0.000010
residual is 0.000010
Tour 153
residual is 0.000010
residual is 0.000010
residual is 0.000010
residual is 0.000010
residual is 0.000010
Tour 154
residual is 0.000010
residual is 0.000011
residual is 0.000010
residual is 0.000010
residual is 0.000010
Tour 155
residual is 0.000010
residual is 0.000010
residual is 0.000010
residual is 0.000010
residual is 0.000010
Tour 156
residual is 0.000010
residual is 0.000010
residual is 0.000010
residual is 0.000010
residual is 0.000010
Tour 157
residual is 0.000010
residual is 0.000010
residual is 0.000010
residual is 0.000010
residual is 0.000002
Not matched!!!Not matched!!!Not matched!!!Not matched!!!Not matched!!!Not matched!!!Not matched!!!Not matched!!!Not matched!!!Not matched!!!Not matched!!!Not matched!!!Not matched!!!Not matched!!!Not matched!!!Not matched!!!Not matched!!!Not matched!!!Not matched!!!Not matched!!!Not matched!!!Not matched!!!Not matched!!!Not matched!!!Not matched!!!Not matched!!!Not matched!!!Not matched!!!Not matched!!!Not matched!!!Not matched!!!Not matched!!!Not matched!!!Not matched!!!Not matched!!!Not matched!!!Not matched!!!Not matched!!!Not matched!!!Not matched!!!Not matched!!!Not matched!!!Not matched!!!Not matched!!!Not matched!!!Not matched!!!Not matched!!!Not matched!!!Not matched!!!Not matched!!!Not matched!!!Not matched!!!Not matched!!!Not matched!!!Not matched!!!Not matched!!!Not matched!!!Not matched!!!Not matched!!!Not matched!!!Not matched!!!Not matched!!!Not matched!!!Not matched!!!Not matched!!!Not matched!!!Not matched!!!Not matched!!!Not matched!!!Not matched!!!Not matched!!!Not matched!!!Not matched!!!Not matched!!!Not matched!!!Not matched!!!Not matched!!!Not matched!!!Not matched!!!Not matched!!!Not matched!!!Not matched!!!Not matched!!!Not matched!!!Not matched!!!Not matched!!!Not matched!!!Not matched!!!Not matched!!!Not matched!!!Not matched!!!Not matched!!!Not matched!!!Not matched!!!Not matched!!!Not matched!!!Not matched!!!Not matched!!!Not matched!!!Not matched!!!Not matched!!!Not matched!!!Not matched!!!Not matched!!!Not matched!!!Not matched!!!Not matched!!!Not matched!!!Not matched!!!Not matched!!!Not matched!!!Not matched!!!Not matched!!!Not matched!!!Not matched!!!Not matched!!!Not matched!!!Not matched!!!Not matched!!!Not matched!!!Not matched!!!Not matched!!!Not matched!!!Not matched!!!Not matched!!!Not matched!!!Not matched!!!Not matched!!!Not matched!!!Not matched!!!Not matched!!!Not matched!!!Not matched!!!Not matched!!!Not matched!!!Not matched!!!Not matched!!!Not matched!!!Not matched!!!Not matched!!!Not matched!!!Not matched!!!Not matched!!!Not matched!!!Not matched!!!Not matched!!!Not matched!!!Not matched!!!Not matched!!!Not matched!!!Not matched!!!Not matched!!!Not matched!!!Not matched!!!Not matched!!!Not matched!!!matQ: 0x7fff5fbff7f0, matH: 0x7fff5fbff7d8, matR: 0x7fff5fbff7c0, omega: 0x7fff5fbff7a8, matell: 0x7fff5fbff830
-0.190917 0.411763 -0.063047 -0.019000 -0.391109 0.797935 
-0.154086 0.228054 -0.704471 -0.462493 -0.287785 -0.362284 
-0.379310 -0.205619 0.418977 -0.779819 0.142322 0.099647 
0.826042 -0.076101 -0.168874 -0.401628 0.177389 0.300953 
0.316085 0.553068 0.540466 -0.127249 -0.392901 -0.362683 


-0.012503 2.359270 0.000000 0.000000 0.000000 0.000000 
0.030233 2.586342 4.354922 0.000000 0.000000 0.000000 
-0.056166 4.124592 6.177637 4.503387 0.000000 0.000000 
0.117236 -3.738436 6.892363 0.651998 5.986318 0.000000 
-0.036778 -0.797462 0.685756 0.559540 4.570656 0.011659 


-0.005299 0.999986 0.000000 0.000000 0.000000 0.000000 
0.010089 0.000053 0.999949 0.000000 0.000000 0.000000 
-0.021451 -0.000114 0.000216 0.999770 0.000000 0.000000 
0.006991 0.000037 -0.000071 0.000150 0.999976 0.000000 
-0.985247 -0.005221 0.009941 -0.021142 0.006892 0.169318 
-0.169263 -0.000897 0.001708 -0.003632 0.001184 -0.985562 


2.359303 2.586145 4.124832 -3.739005 -0.797255 
-0.000000 4.355144 6.176977 6.892996 0.685307 
0.000000 0.000000 4.504424 0.651250 0.560440 
0.000000 0.000000 0.000000 5.986465 4.570293 
-0.000000 0.000000 0.000000 0.000000 0.068860 
-0.000000 0.000000 0.000000 0.000000 0.000000 


1.592313 -0.476190 -0.219375 5.110271 0.386101 51.523358 
1.000000 1.999999 -1.000000 -2.000000 0.999999 1.000000 
-0.000000 0.000001 -0.000000 -0.000000 0.000001 0.000000 
[Inferior 1 (process 33340) exited normally]
(gdb) q[Kq[K:[Kq
