GNU gdb (GDB) 8.0
Copyright (C) 2017 Free Software Foundation, Inc.
License GPLv3+: GNU GPL version 3 or later <http://gnu.org/licenses/gpl.html>
This is free software: you are free to change and redistribute it.
There is NO WARRANTY, to the extent permitted by law.  Type "show copying"
and "show warranty" for details.
This GDB was configured as "x86_64-apple-darwin16.6.0".
Type "show configuration" for configuration details.
For bug reporting instructions, please see:
<http://www.gnu.org/software/gdb/bugs/>.
Find the GDB manual and other documentation resources online at:
<http://www.gnu.org/software/gdb/documentation/>.
For help, type "help".
Type "apropos word" to search for commands related to "word"...
Reading symbols from ./matrix...Reading symbols from /Users/tchang/TAOCHANG/Code_XMP/Libs/datatype/matrix.dSYM/Contents/Resources/DWARF/matrix...done.
done.
(gdb) run
Starting program: /Users/tchang/TAOCHANG/Code_XMP/Libs/datatype/matrix 
[New Thread 0x1403 of process 11295]
1.000000 2.000000 9.000000 5.000000 3.000000 2.000000 8.000000 4.000000 6.000000 1.000000 
2.000000 0.000000 10.000000 0.000000 6.000000 9.000000 0.000000 9.000000 10.000000 10.000000 
2.700000 1.000000 -3.000000 4.700000 2.200000 1.100000 1.200000 -7.800000 6.000000 8.400000 
3.200000 0.000000 7.000000 0.000000 6.800000 3.200000 0.000000 2.600000 4.000000 1.000000 


1.000000 2.000000 2.700000 3.200000 
2.000000 0.000000 1.000000 0.000000 
9.000000 10.000000 -3.000000 7.000000 
5.000000 0.000000 4.700000 0.000000 
3.000000 6.000000 2.200000 6.800000 
2.000000 9.000000 1.100000 3.200000 
8.000000 0.000000 1.200000 0.000000 
4.000000 9.000000 -7.800000 2.600000 
6.000000 10.000000 6.000000 4.000000 
1.000000 10.000000 8.400000 1.000000 


1.000000 2.000000 2.700000 3.200000 
2.000000 0.000000 1.000000 0.000000 
9.000000 10.000000 -3.000000 7.000000 
5.000000 0.000000 4.700000 0.000000 
3.000000 6.000000 2.200000 6.800000 
2.000000 9.000000 1.100000 3.200000 
8.000000 0.000000 1.200000 0.000000 
4.000000 9.000000 -7.800000 2.600000 
6.000000 10.000000 6.000000 4.000000 
1.000000 10.000000 8.400000 1.000000 


1.000000 2.000000 2.700000 3.200000 
2.000000 0.000000 1.000000 0.000000 
9.000000 10.000000 -3.000000 7.000000 
5.000000 0.000000 4.700000 0.000000 
9.990000 6.000000 2.200000 6.800000 
2.000000 9.990000 1.100000 3.200000 
8.000000 0.000000 1.200000 0.000000 
4.000000 9.000000 -7.800000 2.600000 
6.000000 10.000000 6.000000 4.000000 
1.000000 10.000000 8.400000 1.000000 


1.000000 2.000000 9.000000 5.000000 3.000000 2.000000 8.000000 4.000000 6.000000 1.000000 
2.000000 0.000000 10.000000 0.000000 6.000000 9.990000 0.000000 9.000000 10.000000 10.000000 
2.700000 1.000000 -3.000000 4.700000 2.200000 1.100000 1.200000 -7.800000 6.000000 8.400000 
3.200000 0.000000 7.000000 0.000000 6.800000 3.200000 0.000000 2.600000 4.000000 1.000000 


1.000000 2.000000 2.700000 3.200000 
2.000000 0.000000 1.000000 0.000000 
9.000000 10.000000 -3.000000 7.000000 
5.000000 0.000000 4.700000 0.000000 
3.000000 6.000000 2.200000 6.800000 
2.000000 9.990000 1.100000 3.200000 
8.000000 0.000000 1.200000 0.000000 
4.000000 9.000000 -7.800000 2.600000 
6.000000 10.000000 6.000000 4.000000 
1.000000 10.000000 8.400000 1.000000 


1.000000 2.000000 2.700000 3.200000 
2.000000 0.000000 1.000000 0.000000 
9.000000 10.000000 -3.000000 7.000000 
5.000000 0.000000 4.700000 0.000000 
3.000000 6.000000 2.200000 6.800000 
2.000000 9.000000 1.100000 3.200000 
8.000000 0.000000 1.200000 0.000000 
4.000000 9.000000 -7.800000 2.600000 
6.000000 10.000000 6.000000 4.000000 
1.000000 10.000000 8.400000 1.000000 


[Inferior 1 (process 11295) exited normally]
(gdb) quit
